

Microchip MPLAB XC8 Assembler V2.40 build 20220703182018 
                                                                                               Mon Feb 06 16:00:40 2023

Microchip MPLAB XC8 C Compiler v2.40 (Free license) build 20220703182018 Og1 
     1                           	processor	12F675
     2                           	pagewidth 120
     3                           	opt	flic
     4                           	psect	cinit,global,class=CODE,merge=1,delta=2
     5                           	psect	cstackBANK0,global,class=BANK0,space=1,delta=1,noexec
     6                           	psect	maintext,global,class=CODE,split=1,delta=2
     7                           	psect	idloc,global,abs,ovrld,class=IDLOC,space=5,delta=2,noexec
     8                           	psect	config,global,abs,ovrld,class=CONFIG,space=4,delta=2,noexec
     9                           	dabs	1,0x5E,2
    10     0000                     
    11                           ; Version 2.40
    12                           ; Generated 06/12/2021 GMT
    13                           ; 
    14                           ; Copyright © 2021, Microchip Technology Inc. and its subsidiaries ("Microchip")
    15                           ; All rights reserved.
    16                           ; 
    17                           ; This software is developed by Microchip Technology Inc. and its subsidiaries ("Microch
      +                          ip").
    18                           ; 
    19                           ; Redistribution and use in source and binary forms, with or without modification, are
    20                           ; permitted provided that the following conditions are met:
    21                           ; 
    22                           ;     1. Redistributions of source code must retain the above copyright notice, this lis
      +                          t of
    23                           ;        conditions and the following disclaimer.
    24                           ; 
    25                           ;     2. Redistributions in binary form must reproduce the above copyright notice, this 
      +                          list
    26                           ;        of conditions and the following disclaimer in the documentation and/or other
    27                           ;        materials provided with the distribution. Publication is not required when
    28                           ;        this file is used in an embedded application.
    29                           ; 
    30                           ;     3. Microchip's name may not be used to endorse or promote products derived from th
      +                          is
    31                           ;        software without specific prior written permission.
    32                           ; 
    33                           ; THIS SOFTWARE IS PROVIDED BY MICROCHIP "AS IS" AND ANY EXPRESS OR IMPLIED WARRANTIES,
    34                           ; INCLUDING, BUT NOT LIMITED TO, THE IMPLIED WARRANTIES OF MERCHANTABILITY AND FITNESS F
      +                          OR
    35                           ; PURPOSE ARE DISCLAIMED.  IN NO EVENT SHALL MICROCHIP BE LIABLE FOR ANY DIRECT, INDIREC
      +                          T,
    36                           ; INCIDENTAL, SPECIAL, EXEMPLARY, OR CONSEQUENTIAL DAMAGES (INCLUDING BUT NOT LIMITED TO
    37                           ; PROCUREMENT OF SUBSTITUTE GOODS OR SERVICES; LOSS OF USE, DATA OR PROFITS; OR BUSINESS
    38                           ; INTERRUPTION) HOWSOEVER CAUSED AND ON ANY THEORY OF LIABILITY, WHETHER IN CONTRACT, ST
      +                          RICT
    39                           ; LIABILITY, OR TORT (INCLUDING NEGLIGENCE OR OTHERWISE) ARISING IN ANY WAY OUT OF THE U
      +                          SE OF
    40                           ; THIS SOFTWARE, EVEN IF ADVISED OF THE POSSIBILITY OF SUCH DAMAGE.
    41                           ; 
    42                           ; 
    43                           ; Code-generator required, PIC12F675 Definitions
    44                           ; 
    45                           ; SFR Addresses
    46     0000                     	;# 
    47     0001                     	;# 
    48     0002                     	;# 
    49     0003                     	;# 
    50     0004                     	;# 
    51     0005                     	;# 
    52     000A                     	;# 
    53     000B                     	;# 
    54     000C                     	;# 
    55     000E                     	;# 
    56     000E                     	;# 
    57     000F                     	;# 
    58     0010                     	;# 
    59     0019                     	;# 
    60     001E                     	;# 
    61     001F                     	;# 
    62     0081                     	;# 
    63     0085                     	;# 
    64     008C                     	;# 
    65     008E                     	;# 
    66     0090                     	;# 
    67     0095                     	;# 
    68     0096                     	;# 
    69     0096                     	;# 
    70     0099                     	;# 
    71     009A                     	;# 
    72     009A                     	;# 
    73     009B                     	;# 
    74     009C                     	;# 
    75     009D                     	;# 
    76     009E                     	;# 
    77     009F                     	;# 
    78     0000                     	;# 
    79     0001                     	;# 
    80     0002                     	;# 
    81     0003                     	;# 
    82     0004                     	;# 
    83     0005                     	;# 
    84     000A                     	;# 
    85     000B                     	;# 
    86     000C                     	;# 
    87     000E                     	;# 
    88     000E                     	;# 
    89     000F                     	;# 
    90     0010                     	;# 
    91     0019                     	;# 
    92     001E                     	;# 
    93     001F                     	;# 
    94     0081                     	;# 
    95     0085                     	;# 
    96     008C                     	;# 
    97     008E                     	;# 
    98     0090                     	;# 
    99     0095                     	;# 
   100     0096                     	;# 
   101     0096                     	;# 
   102     0099                     	;# 
   103     009A                     	;# 
   104     009A                     	;# 
   105     009B                     	;# 
   106     009C                     	;# 
   107     009D                     	;# 
   108     009E                     	;# 
   109     009F                     	;# 
   110     0005                     _GPIO	set	5
   111     001F                     _ADCON0	set	31
   112     0019                     _CMCON	set	25
   113     002C                     _GP4	set	44
   114     002D                     _GP5	set	45
   115     0028                     _GP0	set	40
   116     009F                     _ANSEL	set	159
   117     042D                     _TRISIO5	set	1069
   118     042C                     _TRISIO4	set	1068
   119     042A                     _TRISIO2	set	1066
   120     0429                     _TRISIO1	set	1065
   121     0428                     _TRISIO0	set	1064
   122                           
   123                           	psect	cinit
   124     03FD                     start_initialization:	
   125                           ; #config settings
   126                           
   127     03FD                     __initialization:
   128     03FD                     end_of_initialization:	
   129                           ;End of C runtime variable initialization code
   130                           
   131     03FD                     __end_of__initialization:
   132     03FD  0183               	clrf	3
   133     03FE  2B4E               	ljmp	_main	;jump to C main() function
   134                           
   135                           	psect	cstackBANK0
   136     0020                     __pcstackBANK0:
   137     0020                     ?_main:
   138     0020                     ??_main:	
   139                           ; 1 bytes @ 0x0
   140                           
   141                           
   142                           ; 1 bytes @ 0x0
   143     0020                     	ds	3
   144     0023                     main@mode:
   145                           
   146                           ; 1 bytes @ 0x3
   147     0023                     	ds	1
   148     0024                     main@state:
   149                           
   150                           ; 1 bytes @ 0x4
   151     0024                     	ds	1
   152                           
   153                           	psect	maintext
   154     034E                     __pmaintext:	
   155 ;;
   156 ;;Main: autosize = 0, tempsize = 3, incstack = 0, save=0
   157 ;;
   158 ;; *************** function _main *****************
   159 ;; Defined at:
   160 ;;		line 7 in file "main.c"
   161 ;; Parameters:    Size  Location     Type
   162 ;;		None
   163 ;; Auto vars:     Size  Location     Type
   164 ;;  state           1    4[BANK0 ] unsigned char 
   165 ;;  mode            1    3[BANK0 ] unsigned char 
   166 ;; Return value:  Size  Location     Type
   167 ;;                  1    wreg      void 
   168 ;; Registers used:
   169 ;;		wreg, status,2, status,0
   170 ;; Tracked objects:
   171 ;;		On entry : B00/0
   172 ;;		On exit  : 0/0
   173 ;;		Unchanged: 0/0
   174 ;; Data sizes:     COMMON   BANK0
   175 ;;      Params:         0       0
   176 ;;      Locals:         0       2
   177 ;;      Temps:          0       3
   178 ;;      Totals:         0       5
   179 ;;Total ram usage:        5 bytes
   180 ;; This function calls:
   181 ;;		Nothing
   182 ;; This function is called by:
   183 ;;		Startup code after reset
   184 ;; This function uses a non-reentrant model
   185 ;;
   186                           
   187     034E                     _main:	
   188                           ;psect for function _main
   189                           
   190     034E                     l716:	
   191                           ;incstack = 0
   192                           ; Regs used in _main: [wreg+status,2+status,0]
   193                           
   194                           
   195                           ;main.c: 8:     ANSEL = 0;
   196     034E  1683               	bsf	3,5	;RP0=1, select bank1
   197     034F  019F               	clrf	31	;volatile
   198     0350                     l718:
   199                           
   200                           ;main.c: 9:     CMCON = 0x07;
   201     0350  3007               	movlw	7
   202     0351  1283               	bcf	3,5	;RP0=0, select bank0
   203     0352  0099               	movwf	25	;volatile
   204     0353                     l720:
   205                           
   206                           ;main.c: 10:     ADCON0 = 0;
   207     0353  019F               	clrf	31	;volatile
   208     0354                     l722:
   209                           
   210                           ;main.c: 11:     uint8_t state = 0;
   211     0354  01A4               	clrf	main@state
   212     0355                     l724:
   213                           
   214                           ;main.c: 12:     uint8_t mode = 0;
   215     0355  01A3               	clrf	main@mode
   216     0356                     l726:
   217                           
   218                           ;main.c: 13:     TRISIO0 = 1;
   219     0356  1683               	bsf	3,5	;RP0=1, select bank1
   220     0357  1405               	bsf	5,0	;volatile
   221     0358                     l728:
   222                           
   223                           ;main.c: 14:     TRISIO1 = 1;
   224     0358  1485               	bsf	5,1	;volatile
   225     0359                     l730:
   226                           
   227                           ;main.c: 15:     TRISIO2 = 1;
   228     0359  1505               	bsf	5,2	;volatile
   229     035A                     l732:
   230                           
   231                           ;main.c: 16:     TRISIO4 = 0;
   232     035A  1205               	bcf	5,4	;volatile
   233     035B                     l734:
   234                           
   235                           ;main.c: 17:     TRISIO5 = 0;
   236     035B  1285               	bcf	5,5	;volatile
   237     035C                     l736:
   238                           
   239                           ;main.c: 19:     GPIO = 0;
   240     035C  1283               	bcf	3,5	;RP0=0, select bank0
   241     035D  0185               	clrf	5	;volatile
   242     035E                     l738:
   243                           
   244                           ;main.c: 21:         if (GP0 == 0) {
   245     035E  1283               	bcf	3,5	;RP0=0, select bank0
   246     035F  1805               	btfsc	5,0	;volatile
   247     0360  2B62               	goto	u111
   248     0361  2B63               	goto	u110
   249     0362                     u111:
   250     0362  2BF1               	goto	l32
   251     0363                     u110:
   252     0363                     l740:
   253                           
   254                           ;main.c: 22:             _delay((unsigned long)((15)*(4000000/4000.0)));
   255     0363  3014               	movlw	20
   256     0364  00A1               	movwf	??_main+1
   257     0365  3079               	movlw	121
   258     0366  00A0               	movwf	??_main
   259     0367                     u217:
   260     0367  0BA0               	decfsz	??_main,f
   261     0368  2B67               	goto	u217
   262     0369  0BA1               	decfsz	??_main+1,f
   263     036A  2B67               	goto	u217
   264     036B  2B6C               	nop2
   265     036C                     l742:
   266                           
   267                           ;main.c: 23:             if (GP0 == 0) {
   268     036C  1283               	bcf	3,5	;RP0=0, select bank0
   269     036D  1805               	btfsc	5,0	;volatile
   270     036E  2B70               	goto	u121
   271     036F  2B71               	goto	u120
   272     0370                     u121:
   273     0370  2BF1               	goto	l32
   274     0371                     u120:
   275     0371                     l744:
   276                           
   277                           ;main.c: 24:                 _delay((unsigned long)((200)*(4000000/4000.0)));
   278     0371  3002               	movlw	2
   279     0372  00A2               	movwf	??_main+2
   280     0373  3004               	movlw	4
   281     0374  00A1               	movwf	??_main+1
   282     0375  30BA               	movlw	186
   283     0376  00A0               	movwf	??_main
   284     0377                     u227:
   285     0377  0BA0               	decfsz	??_main,f
   286     0378  2B77               	goto	u227
   287     0379  0BA1               	decfsz	??_main+1,f
   288     037A  2B77               	goto	u227
   289     037B  0BA2               	decfsz	??_main+2,f
   290     037C  2B77               	goto	u227
   291     037D  0000               	nop
   292     037E                     l746:
   293                           
   294                           ;main.c: 25:                 if (GP0 == 1) {
   295     037E  1283               	bcf	3,5	;RP0=0, select bank0
   296     037F  1C05               	btfss	5,0	;volatile
   297     0380  2B82               	goto	u131
   298     0381  2B83               	goto	u130
   299     0382                     u131:
   300     0382  2BD0               	goto	l782
   301     0383                     u130:
   302     0383                     l748:
   303                           
   304                           ;main.c: 26:                     if (mode == 0) {
   305     0383  0823               	movf	main@mode,w
   306     0384  1D03               	btfss	3,2
   307     0385  2B87               	goto	u141
   308     0386  2B88               	goto	u140
   309     0387                     u141:
   310     0387  2BAC               	goto	l766
   311     0388                     u140:
   312     0388                     l750:
   313                           
   314                           ;main.c: 27:                         if (state == 1) {
   315     0388  0324               	decf	main@state,w
   316     0389  1D03               	btfss	3,2
   317     038A  2B8C               	goto	u151
   318     038B  2B8D               	goto	u150
   319     038C                     u151:
   320     038C  2B99               	goto	l758
   321     038D                     u150:
   322     038D                     l752:
   323                           
   324                           ;main.c: 28:                             state = 0;
   325     038D  01A4               	clrf	main@state
   326     038E                     l754:
   327                           
   328                           ;main.c: 29:                             _delay((unsigned long)((10)*(4000000/4000.0)));
   329     038E  300D               	movlw	13
   330     038F  00A1               	movwf	??_main+1
   331     0390  30FB               	movlw	251
   332     0391  00A0               	movwf	??_main
   333     0392                     u237:
   334     0392  0BA0               	decfsz	??_main,f
   335     0393  2B92               	goto	u237
   336     0394  0BA1               	decfsz	??_main+1,f
   337     0395  2B92               	goto	u237
   338     0396  2B97               	nop2
   339     0397                     l756:
   340                           
   341                           ;main.c: 30:                             GP5 = 0;
   342     0397  1283               	bcf	3,5	;RP0=0, select bank0
   343     0398  1285               	bcf	5,5	;volatile
   344     0399                     l758:
   345                           
   346                           ;main.c: 34:                         if (state == 0) {
   347     0399  0824               	movf	main@state,w
   348     039A  1D03               	btfss	3,2
   349     039B  2B9D               	goto	u161
   350     039C  2B9E               	goto	u160
   351     039D                     u161:
   352     039D  2BF1               	goto	l41
   353     039E                     u160:
   354     039E                     l760:
   355                           
   356                           ;main.c: 35:                             state = 1;
   357     039E  01A4               	clrf	main@state
   358     039F  0AA4               	incf	main@state,f
   359     03A0                     l762:
   360                           
   361                           ;main.c: 36:                             _delay((unsigned long)((10)*(4000000/4000.0)));
   362     03A0  300D               	movlw	13
   363     03A1  00A1               	movwf	??_main+1
   364     03A2  30FB               	movlw	251
   365     03A3  00A0               	movwf	??_main
   366     03A4                     u247:
   367     03A4  0BA0               	decfsz	??_main,f
   368     03A5  2BA4               	goto	u247
   369     03A6  0BA1               	decfsz	??_main+1,f
   370     03A7  2BA4               	goto	u247
   371     03A8  2BA9               	nop2
   372     03A9                     l764:
   373                           
   374                           ;main.c: 37:                             GP5 = 1;
   375     03A9  1283               	bcf	3,5	;RP0=0, select bank0
   376     03AA  1685               	bsf	5,5	;volatile
   377     03AB  2BF1               	goto	l32
   378     03AC                     l766:
   379                           
   380                           ;main.c: 42:                         if (state == 1) {
   381     03AC  0324               	decf	main@state,w
   382     03AD  1D03               	btfss	3,2
   383     03AE  2BB0               	goto	u171
   384     03AF  2BB1               	goto	u170
   385     03B0                     u171:
   386     03B0  2BBD               	goto	l774
   387     03B1                     u170:
   388     03B1                     l768:
   389                           
   390                           ;main.c: 43:                             state = 0;
   391     03B1  01A4               	clrf	main@state
   392     03B2                     l770:
   393                           
   394                           ;main.c: 44:                             _delay((unsigned long)((10)*(4000000/4000.0)));
   395     03B2  300D               	movlw	13
   396     03B3  00A1               	movwf	??_main+1
   397     03B4  30FB               	movlw	251
   398     03B5  00A0               	movwf	??_main
   399     03B6                     u257:
   400     03B6  0BA0               	decfsz	??_main,f
   401     03B7  2BB6               	goto	u257
   402     03B8  0BA1               	decfsz	??_main+1,f
   403     03B9  2BB6               	goto	u257
   404     03BA  2BBB               	nop2
   405     03BB                     l772:
   406                           
   407                           ;main.c: 45:                             GP4 = 0;
   408     03BB  1283               	bcf	3,5	;RP0=0, select bank0
   409     03BC  1205               	bcf	5,4	;volatile
   410     03BD                     l774:
   411                           
   412                           ;main.c: 47:                         if (state == 0) {
   413     03BD  0824               	movf	main@state,w
   414     03BE  1D03               	btfss	3,2
   415     03BF  2BC1               	goto	u181
   416     03C0  2BC2               	goto	u180
   417     03C1                     u181:
   418     03C1  2BF1               	goto	l41
   419     03C2                     u180:
   420     03C2                     l776:
   421                           
   422                           ;main.c: 48:                             state = 1;
   423     03C2  01A4               	clrf	main@state
   424     03C3  0AA4               	incf	main@state,f
   425     03C4                     l778:
   426                           
   427                           ;main.c: 49:                             _delay((unsigned long)((10)*(4000000/4000.0)));
   428     03C4  300D               	movlw	13
   429     03C5  00A1               	movwf	??_main+1
   430     03C6  30FB               	movlw	251
   431     03C7  00A0               	movwf	??_main
   432     03C8                     u267:
   433     03C8  0BA0               	decfsz	??_main,f
   434     03C9  2BC8               	goto	u267
   435     03CA  0BA1               	decfsz	??_main+1,f
   436     03CB  2BC8               	goto	u267
   437     03CC  2BCD               	nop2
   438     03CD                     l780:
   439                           
   440                           ;main.c: 50:                             GP4 = 1;
   441     03CD  1283               	bcf	3,5	;RP0=0, select bank0
   442     03CE  1605               	bsf	5,4	;volatile
   443     03CF  2BF1               	goto	l32
   444     03D0                     l782:
   445                           
   446                           ;main.c: 55:                         if (mode == 1) {
   447     03D0  0323               	decf	main@mode,w
   448     03D1  1D03               	btfss	3,2
   449     03D2  2BD4               	goto	u191
   450     03D3  2BD5               	goto	u190
   451     03D4                     u191:
   452     03D4  2BDF               	goto	l788
   453     03D5                     u190:
   454     03D5                     l784:
   455                           
   456                           ;main.c: 56:                             mode = 0;
   457     03D5  01A3               	clrf	main@mode
   458     03D6                     l786:
   459                           
   460                           ;main.c: 57:                             _delay((unsigned long)((10)*(4000000/4000.0)));
   461     03D6  300D               	movlw	13
   462     03D7  00A1               	movwf	??_main+1
   463     03D8  30FB               	movlw	251
   464     03D9  00A0               	movwf	??_main
   465     03DA                     u277:
   466     03DA  0BA0               	decfsz	??_main,f
   467     03DB  2BDA               	goto	u277
   468     03DC  0BA1               	decfsz	??_main+1,f
   469     03DD  2BDA               	goto	u277
   470     03DE  2BDF               	nop2
   471     03DF                     l788:
   472                           
   473                           ;main.c: 59:                         if (mode == 0) {
   474     03DF  1283               	bcf	3,5	;RP0=0, select bank0
   475     03E0  0823               	movf	main@mode,w
   476     03E1  1D03               	btfss	3,2
   477     03E2  2BE4               	goto	u201
   478     03E3  2BE5               	goto	u200
   479     03E4                     u201:
   480     03E4  2BF1               	goto	l32
   481     03E5                     u200:
   482     03E5                     l790:
   483                           
   484                           ;main.c: 60:                             mode = 1;
   485     03E5  01A3               	clrf	main@mode
   486     03E6  0AA3               	incf	main@mode,f
   487     03E7                     l792:
   488                           
   489                           ;main.c: 61:                             _delay((unsigned long)((10)*(4000000/4000.0)));
   490     03E7  300D               	movlw	13
   491     03E8  00A1               	movwf	??_main+1
   492     03E9  30FB               	movlw	251
   493     03EA  00A0               	movwf	??_main
   494     03EB                     u287:
   495     03EB  0BA0               	decfsz	??_main,f
   496     03EC  2BEB               	goto	u287
   497     03ED  0BA1               	decfsz	??_main+1,f
   498     03EE  2BEB               	goto	u287
   499     03EF  2BF0               	nop2
   500     03F0  2BF1               	goto	l32
   501     03F1                     l41:	
   502                           ;main.c: 63:                 }
   503                           
   504     03F1                     l32:	
   505                           ;main.c: 65:         }
   506                           
   507                           
   508                           ;main.c: 66:         _delay((unsigned long)((10)*(4000000/4000.0)));
   509     03F1  300D               	movlw	13
   510     03F2  1283               	bcf	3,5	;RP0=0, select bank0
   511     03F3  00A1               	movwf	??_main+1
   512     03F4  30FB               	movlw	251
   513     03F5  00A0               	movwf	??_main
   514     03F6                     u297:
   515     03F6  0BA0               	decfsz	??_main,f
   516     03F7  2BF6               	goto	u297
   517     03F8  0BA1               	decfsz	??_main+1,f
   518     03F9  2BF6               	goto	u297
   519     03FA  2BFB               	nop2
   520     03FB  2B5E               	goto	l738
   521     03FC  2800               	ljmp	start
   522     03FD                     __end_of_main:
   523     005E                     btemp	set	94	;btemp
   524     005E                     wtemp0	set	94
   525                           
   526                           	psect	idloc
   527                           
   528                           ;Config register IDLOC0 @ 0x2000
   529                           ;	unspecified, using default values
   530     2000                     	org	8192
   531     2000  3FFF               	dw	16383
   532                           
   533                           ;Config register IDLOC1 @ 0x2001
   534                           ;	unspecified, using default values
   535     2001                     	org	8193
   536     2001  3FFF               	dw	16383
   537                           
   538                           ;Config register IDLOC2 @ 0x2002
   539                           ;	unspecified, using default values
   540     2002                     	org	8194
   541     2002  3FFF               	dw	16383
   542                           
   543                           ;Config register IDLOC3 @ 0x2003
   544                           ;	unspecified, using default values
   545     2003                     	org	8195
   546     2003  3FFF               	dw	16383
   547                           
   548                           	psect	config
   549                           
   550                           ;Config register CONFIG @ 0x2007
   551                           ;	Oscillator Selection bits
   552                           ;	FOSC = INTRCIO, INTOSC oscillator: I/O function on GP4/OSC2/CLKOUT pin, I/O function o
      +                          n GP5/OSC1/CLKIN
   553                           ;	Watchdog Timer Enable bit
   554                           ;	WDTE = OFF, WDT disabled
   555                           ;	Power-Up Timer Enable bit
   556                           ;	PWRTE = OFF, PWRT disabled
   557                           ;	GP3/MCLR pin function select
   558                           ;	MCLRE = OFF, GP3/MCLR pin function is digital I/O, MCLR internally tied to VDD
   559                           ;	Brown-out Detect Enable bit
   560                           ;	BOREN = OFF, BOD disabled
   561                           ;	Code Protection bit
   562                           ;	CP = OFF, Program Memory code protection is disabled
   563                           ;	Data Code Protection bit
   564                           ;	CPD = OFF, Data memory code protection is disabled
   565     2007                     	org	8199
   566     2007  3194               	dw	12692

Data Sizes:
    Strings     0
    Constant    0
    Data        0
    BSS         0
    Persistent  0
    Stack       0

Auto Spaces:
    Space          Size  Autos    Used
    COMMON            0      0       0
    BANK0            62      5       5

Pointer List with Targets:

    None.

Critical Paths under _main in COMMON

    None.

Critical Paths under _main in BANK0

    None.

Call Graph Tables:

 ---------------------------------------------------------------------------------
 (Depth) Function   	        Calls       Base Space   Used Autos Params    Refs
 ---------------------------------------------------------------------------------
 (0) _main                                                 5     5      0     162
                                              0 BANK0      5     5      0
 ---------------------------------------------------------------------------------
 Estimated maximum stack depth 0
 ---------------------------------------------------------------------------------

 Call Graph Graphs:

 _main (ROOT)

 Address spaces:
Name               Size   Autos  Total    Cost      Usage
BITCOMMON            0      0       0       0        0.0%
EEDATA              80      0       0       0        0.0%
NULL                 0      0       0       0        0.0%
CODE                 0      0       0       0        0.0%
BITSFR0              0      0       0       1        0.0%
SFR0                 0      0       0       1        0.0%
COMMON               0      0       0       1        0.0%
BITSFR1              0      0       0       2        0.0%
SFR1                 0      0       0       2        0.0%
STACK                0      0       0       2        0.0%
BITBANK0            3E      0       0       3        0.0%
BANK0               3E      5       5       4        8.1%
ABS                  0      0       0       5        0.0%
DATA                 0      0       0       6        0.0%


Microchip Technology PIC Macro Assembler V2.40 build 20220703182018 
Symbol Table                                                                                   Mon Feb 06 16:00:40 2023

                     l32 03F1                       l41 03F1                      l720 0353  
                    l730 0359                      l722 0354                      l740 0363  
                    l732 035A                      l724 0355                      l716 034E  
                    l750 0388                      l742 036C                      l734 035B  
                    l726 0356                      l718 0350                      l760 039E  
                    l752 038D                      l744 0371                      l736 035C  
                    l728 0358                      l770 03B2                      l762 03A0  
                    l754 038E                      l746 037E                      l738 035E  
                    l780 03CD                      l772 03BB                      l764 03A9  
                    l756 0397                      l748 0383                      l790 03E5  
                    l774 03BD                      l758 0399                      l766 03AC  
                    l782 03D0                      l792 03E7                      l784 03D5  
                    l776 03C2                      l768 03B1                      l786 03D6  
                    l778 03C4                      l788 03DF                      _GP0 0028  
                    _GP4 002C                      _GP5 002D                      u110 0363  
                    u111 0362                      u200 03E5                      u120 0371  
                    u201 03E4                      u121 0370                      u130 0383  
                    u131 0382                      u140 0388                      u141 0387  
                    u150 038D                      u151 038C                      u160 039E  
                    u161 039D                      u217 0367                      u170 03B1  
                    u171 03B0                      u227 0377                      u180 03C2  
                    u181 03C1                      u237 0392                      u190 03D5  
                    u191 03D4                      u247 03A4                      u257 03B6  
                    u267 03C8                      u277 03DA                      u287 03EB  
                    u297 03F6                     _GPIO 0005                     _main 034E  
                   btemp 005E                     start 0000                    ?_main 0020  
                  _CMCON 0019                    _ANSEL 009F                    status 0003  
                  wtemp0 005E          __initialization 03FD             __end_of_main 03FD  
                 ??_main 0020                   _ADCON0 001F  __end_of__initialization 03FD  
             __pmaintext 034E                  _TRISIO0 0428                  _TRISIO1 0429  
                _TRISIO2 042A                  _TRISIO4 042C                  _TRISIO5 042D  
   end_of_initialization 03FD      start_initialization 03FD                ___latbits 0000  
          __pcstackBANK0 0020                main@state 0024                 main@mode 0023  
